<?xml version="1.0" encoding="UTF-8" ?>
<testsuite 
errors="0" failures="0" hostname="vid-galn-lin" name="Tests1To10" tests="7" time="0.088" timestamp="2013-07-25T00:41:20">
  <properties>
[...]
</properties>
  <testcase 
  name="P01 should returns last element of list" classname="Tests1To10" time="0.012">
</testcase>
  <testcase 
  name="P02 should penultimate element of list" classname="Tests1To10" time="0.001">
</testcase>
  <testcase 
  name="P03 should nth element of list" classname="Tests1To10" time="0.001">
</testcase>
  <testcase 
  name="P03 should throw NoSuchElementException if n &gt; num of elements in list" classname="Tests1To10" time="0.003">
</testcase>
  <testcase 
  name="P04 should length of a list" classname="Tests1To10" time="0.0">
</testcase>
  <testcase 
  name="P05 should reverse a list" classname="Tests1To10" time="0.002">
</testcase>
  <testcase 
  name="P06 should isPalindrome" classname="Tests1To10" time="0.031">
</testcase>
  <system-out><![CDATA[]]></system-out>
  <system-err><![CDATA[]]></system-err>
</testsuite>
