<?xml version="1.0" encoding="UTF-8" ?>
<testsuite 
errors="0" failures="0" hostname="vid-galnaor-ubuntu" name="Tests1To10" tests="9" time="0.04" timestamp="2014-05-08T14:55:42">
  <properties>
[...]
</properties>
  <testcase 
  name="P01 should returns last element of list" classname="Tests1To10" time="0.015">
</testcase>
  <testcase 
  name="P02 should penultimate element of list" classname="Tests1To10" time="0.001">
</testcase>
  <testcase 
  name="P03 should nth element of list" classname="Tests1To10" time="0.0">
</testcase>
  <testcase 
  name="P03 should throw NoSuchElementException if n &gt; num of elements in list" classname="Tests1To10" time="0.001">
</testcase>
  <testcase 
  name="P04 should length of a list" classname="Tests1To10" time="0.0">
</testcase>
  <testcase 
  name="P05 should reverse a list" classname="Tests1To10" time="0.0">
</testcase>
  <testcase 
  name="P06 should isPalindrome" classname="Tests1To10" time="0.001">
</testcase>
  <testcase 
  name="P07 should recursive flatten" classname="Tests1To10" time="0.001">
</testcase>
  <testcase name="P08 should compress" classname="Tests1To10" time="0.001">
  </testcase>
  <system-out><![CDATA[]]></system-out>
  <system-err><![CDATA[]]></system-err>
</testsuite>
